D:\SOURCE ARCHIVE\CHANNEL7\GREED\GREED WIN32\DEBUG\D_MISC.OBJ
D:\SOURCE ARCHIVE\CHANNEL7\GREED\GREED WIN32\DEBUG\D_VIDEO.OBJ
D:\SOURCE ARCHIVE\CHANNEL7\GREED\GREED WIN32\DEBUG\DISPLAY.OBJ
D:\SOURCE ARCHIVE\CHANNEL7\GREED\GREED WIN32\DEBUG\EVENT.OBJ
D:\SOURCE ARCHIVE\CHANNEL7\GREED\GREED WIN32\DEBUG\INTRO.OBJ
D:\SOURCE ARCHIVE\CHANNEL7\GREED\GREED WIN32\DEBUG\MENU.OBJ
D:\SOURCE ARCHIVE\CHANNEL7\GREED\GREED WIN32\DEBUG\MODPLAY.OBJ
D:\SOURCE ARCHIVE\CHANNEL7\GREED\GREED WIN32\DEBUG\NET.OBJ
D:\SOURCE ARCHIVE\CHANNEL7\GREED\GREED WIN32\DEBUG\PLAYFLI.OBJ
D:\SOURCE ARCHIVE\CHANNEL7\GREED\GREED WIN32\DEBUG\R_CONTEN.OBJ
D:\SOURCE ARCHIVE\CHANNEL7\GREED\GREED WIN32\DEBUG\R_PLANE.OBJ
D:\SOURCE ARCHIVE\CHANNEL7\GREED\GREED WIN32\DEBUG\R_PUBLIC.OBJ
D:\SOURCE ARCHIVE\CHANNEL7\GREED\GREED WIN32\DEBUG\R_RENDER.OBJ
D:\SOURCE ARCHIVE\CHANNEL7\GREED\GREED WIN32\DEBUG\R_SPANS.OBJ
D:\SOURCE ARCHIVE\CHANNEL7\GREED\GREED WIN32\DEBUG\R_WALLS.OBJ
D:\SOURCE ARCHIVE\CHANNEL7\GREED\GREED WIN32\DEBUG\RAVEN.OBJ
D:\SOURCE ARCHIVE\CHANNEL7\GREED\GREED WIN32\DEBUG\SPAWN.OBJ
D:\SOURCE ARCHIVE\CHANNEL7\GREED\GREED WIN32\DEBUG\SPRITES.OBJ
D:\SOURCE ARCHIVE\CHANNEL7\GREED\GREED WIN32\DEBUG\TIMER.OBJ
D:\SOURCE ARCHIVE\CHANNEL7\GREED\GREED WIN32\DEBUG\UTILS.OBJ
D:\SOURCE ARCHIVE\CHANNEL7\GREED\GREED WIN32\DEBUG\CONSTANT.OBJ
D:\SOURCE ARCHIVE\CHANNEL7\GREED\GREED WIN32\DEBUG\D_DISK.OBJ
D:\SOURCE ARCHIVE\CHANNEL7\GREED\GREED WIN32\DEBUG\D_FONT.OBJ
D:\SOURCE ARCHIVE\CHANNEL7\GREED\GREED WIN32\DEBUG\D_INTS.OBJ
D:\SOURCE ARCHIVE\CHANNEL7\GREED\GREED WIN32\DEBUG\VC110.PDB
D:\SOURCE ARCHIVE\CHANNEL7\GREED\GREED WIN32\DEBUG\WINGREED.ILK
D:\SOURCE ARCHIVE\CHANNEL7\GREED\GREED WIN32\DEBUG\WINGREED.EXE
D:\SOURCE ARCHIVE\CHANNEL7\GREED\GREED WIN32\DEBUG\WINGREED.PDB
D:\Source Archive\Channel7\Greed\Greed Win32\Debug\Constant.obj
D:\Source Archive\Channel7\Greed\Greed Win32\Debug\Display.obj
D:\Source Archive\Channel7\Greed\Greed Win32\Debug\D_disk.obj
D:\Source Archive\Channel7\Greed\Greed Win32\Debug\D_font.obj
D:\Source Archive\Channel7\Greed\Greed Win32\Debug\D_ints.obj
D:\Source Archive\Channel7\Greed\Greed Win32\Debug\D_misc.obj
D:\Source Archive\Channel7\Greed\Greed Win32\Debug\D_video.obj
D:\Source Archive\Channel7\Greed\Greed Win32\Debug\Event.obj
D:\Source Archive\Channel7\Greed\Greed Win32\Debug\Intro.obj
D:\Source Archive\Channel7\Greed\Greed Win32\Debug\Menu.obj
D:\Source Archive\Channel7\Greed\Greed Win32\Debug\Modplay.obj
D:\Source Archive\Channel7\Greed\Greed Win32\Debug\Net.obj
D:\Source Archive\Channel7\Greed\Greed Win32\Debug\Playfli.obj
D:\Source Archive\Channel7\Greed\Greed Win32\Debug\Raven.obj
D:\Source Archive\Channel7\Greed\Greed Win32\Debug\R_conten.obj
D:\Source Archive\Channel7\Greed\Greed Win32\Debug\R_plane.obj
D:\Source Archive\Channel7\Greed\Greed Win32\Debug\R_public.obj
D:\Source Archive\Channel7\Greed\Greed Win32\Debug\R_render.obj
D:\Source Archive\Channel7\Greed\Greed Win32\Debug\R_spans.obj
D:\Source Archive\Channel7\Greed\Greed Win32\Debug\R_walls.obj
D:\Source Archive\Channel7\Greed\Greed Win32\Debug\Spawn.obj
D:\Source Archive\Channel7\Greed\Greed Win32\Debug\Sprites.obj
D:\Source Archive\Channel7\Greed\Greed Win32\Debug\Timer.obj
D:\Source Archive\Channel7\Greed\Greed Win32\Debug\Utils.obj
D:\Source Archive\Channel7\Greed\Greed Win32\Debug\WinGreed.ilk
D:\Source Archive\Channel7\Greed\Greed Win32\Debug\cl.command.1.tlog
D:\Source Archive\Channel7\Greed\Greed Win32\Debug\CL.read.1.tlog
D:\Source Archive\Channel7\Greed\Greed Win32\Debug\CL.write.1.tlog
D:\Source Archive\Channel7\Greed\Greed Win32\Debug\link-cvtres.read.1.tlog
D:\Source Archive\Channel7\Greed\Greed Win32\Debug\link-cvtres.write.1.tlog
D:\Source Archive\Channel7\Greed\Greed Win32\Debug\link-rc.read.1.tlog
D:\Source Archive\Channel7\Greed\Greed Win32\Debug\link-rc.write.1.tlog
D:\Source Archive\Channel7\Greed\Greed Win32\Debug\link.command.1.tlog
D:\Source Archive\Channel7\Greed\Greed Win32\Debug\link.read.1.tlog
D:\Source Archive\Channel7\Greed\Greed Win32\Debug\link.write.1.tlog
D:\Source Archive\Channel7\Greed\Greed Win32\Debug\vc110.idb
D:\Source Archive\Channel7\Greed\Greed Win32\Debug\vc110.pdb
D:\Source Archive\Channel7\Greed\Greed Win32\Debug\WinGreed.pdb
D:\Source Archive\Channel7\Greed\Greed Win32\.\Debug\WinGreed.exe
